Train source aleatoric domain uncertainty	Train target aleatoric domain uncertainty	Test target aleatoric domain uncertainty	
 2.6117e-02	 3.0344e-02	 2.3051e-02	
 1.3685e-02	 1.8275e-02	 1.0216e-02	
 1.0058e-02	 1.3798e-02	 6.6619e-03	
 9.2058e-03	 1.0958e-02	 5.6337e-03	
 8.3094e-03	 8.8561e-03	 5.8289e-03	
 8.0484e-03	 7.9282e-03	 5.3843e-03	
 7.8245e-03	 7.4325e-03	 5.1335e-03	
 7.4193e-03	 7.4755e-03	 5.1490e-03	
 7.2522e-03	 7.3148e-03	 5.5151e-03	
 7.1580e-03	 7.2969e-03	 5.0446e-03	
 6.6286e-03	 7.0595e-03	 5.0313e-03	
 6.3719e-03	 6.6501e-03	 4.7297e-03	
 6.0979e-03	 7.0808e-03	 5.2954e-03	
 5.1621e-03	 6.2005e-03	 4.5064e-03	
 5.3083e-03	 5.9868e-03	 4.6058e-03	
 4.9927e-03	 5.6537e-03	 4.1277e-03	
 4.5131e-03	 5.3550e-03	 3.8605e-03	
 4.2366e-03	 5.2756e-03	 4.1544e-03	
 3.9184e-03	 4.3543e-03	 3.2415e-03	
 3.5079e-03	 4.0824e-03	 3.1951e-03	
 3.5851e-03	 4.3550e-03	 3.4117e-03	
 3.4750e-03	 3.9688e-03	 3.1951e-03	
 3.5332e-03	 4.2554e-03	 3.3165e-03	
 3.3502e-03	 3.9205e-03	 3.1472e-03	
 3.4832e-03	 4.0252e-03	 3.0520e-03	
 3.5107e-03	 4.1730e-03	 3.2635e-03	
 3.3128e-03	 3.8228e-03	 3.1051e-03	
 3.3052e-03	 3.7838e-03	 3.1937e-03	
 3.5094e-03	 3.6734e-03	 2.9943e-03	
 3.5287e-03	 4.1571e-03	 3.1391e-03	
 3.1933e-03	 3.7882e-03	 3.3372e-03	
 3.4134e-03	 3.7152e-03	 3.0260e-03	
 3.1544e-03	 3.6412e-03	 2.8614e-03	
 3.0683e-03	 3.4688e-03	 2.9315e-03	
 3.0336e-03	 3.5364e-03	 2.7761e-03	
 2.8535e-03	 3.1096e-03	 2.8419e-03	
 2.9105e-03	 3.1823e-03	 2.7677e-03	
 2.7499e-03	 3.2101e-03	 2.6508e-03	
 3.1428e-03	 3.2844e-03	 2.6974e-03	
 2.8347e-03	 3.2112e-03	 2.4471e-03	
 3.0098e-03	 3.2799e-03	 2.7110e-03	
 2.8239e-03	 3.0413e-03	 2.7498e-03	
 2.8327e-03	 3.0444e-03	 2.6985e-03	
 2.8328e-03	 3.0316e-03	 2.6084e-03	
 2.7513e-03	 2.9807e-03	 2.6570e-03	
 2.8722e-03	 3.0307e-03	 2.4584e-03	
 3.0584e-03	 3.3901e-03	 2.9398e-03	
 2.9735e-03	 3.0290e-03	 2.6414e-03	
 3.0389e-03	 3.2251e-03	 3.1339e-03	
 2.8885e-03	 3.0062e-03	 2.6238e-03	
 2.9175e-03	 3.0684e-03	 2.7537e-03	
 2.7807e-03	 3.0845e-03	 2.6547e-03	
 2.7450e-03	 2.9464e-03	 2.5172e-03	
 2.9735e-03	 3.1932e-03	 2.8749e-03	
 2.8242e-03	 2.9631e-03	 2.7511e-03	
 2.7399e-03	 2.9080e-03	 2.3906e-03	
 2.6816e-03	 2.9818e-03	 2.4574e-03	
 2.3786e-03	 2.6492e-03	 2.1621e-03	
 2.4817e-03	 2.6723e-03	 2.3724e-03	
 2.2978e-03	 2.4738e-03	 2.1424e-03	
 2.2739e-03	 2.4649e-03	 2.0678e-03	
 2.3166e-03	 2.5471e-03	 2.2267e-03	
 2.1601e-03	 2.3721e-03	 2.0121e-03	
 2.1593e-03	 2.4833e-03	 1.9101e-03	
 2.0426e-03	 2.1437e-03	 1.9233e-03	
 2.0511e-03	 2.2106e-03	 1.8692e-03	
 1.8422e-03	 2.1253e-03	 1.7133e-03	
 1.9802e-03	 2.1037e-03	 1.8672e-03	
 1.9394e-03	 2.0421e-03	 2.0108e-03	
 1.8918e-03	 2.1118e-03	 1.7530e-03	
 1.8853e-03	 1.9528e-03	 1.6930e-03	
 1.7726e-03	 1.9607e-03	 1.7857e-03	
 1.8145e-03	 2.0359e-03	 1.7304e-03	
 1.7503e-03	 1.9564e-03	 1.6958e-03	
 1.7421e-03	 1.9106e-03	 1.7418e-03	
 1.7122e-03	 1.9094e-03	 1.5614e-03	
 1.6956e-03	 1.8996e-03	 1.5553e-03	
 1.7705e-03	 1.9258e-03	 1.6788e-03	
 1.7070e-03	 1.6883e-03	 1.5117e-03	
 1.6197e-03	 1.7702e-03	 1.3917e-03	
 1.5830e-03	 1.7265e-03	 1.4175e-03	
 1.7233e-03	 1.8245e-03	 1.5118e-03	
 1.7146e-03	 1.7613e-03	 1.5879e-03	
 1.7063e-03	 1.8179e-03	 1.6094e-03	
 1.6995e-03	 1.8570e-03	 1.6940e-03	
 1.7714e-03	 1.9269e-03	 1.7309e-03	
 1.7608e-03	 1.8691e-03	 1.5671e-03	
 1.7074e-03	 1.8600e-03	 1.6401e-03	
 1.7227e-03	 1.8319e-03	 1.6355e-03	
 1.8012e-03	 1.9353e-03	 1.6876e-03	
 1.7810e-03	 1.9199e-03	 1.6822e-03	
 1.6946e-03	 1.8408e-03	 1.5998e-03	
 1.7955e-03	 1.9599e-03	 1.7603e-03	
 1.6711e-03	 1.7991e-03	 1.6165e-03	
 1.6645e-03	 1.8513e-03	 1.6946e-03	
 1.7138e-03	 1.9048e-03	 1.5453e-03	
 1.6829e-03	 1.8242e-03	 1.5109e-03	
 1.8384e-03	 2.0005e-03	 1.5036e-03	
 1.8357e-03	 2.0446e-03	 1.7802e-03	
 1.7463e-03	 1.8107e-03	 1.6058e-03	
 1.7889e-03	 1.9427e-03	 1.8225e-03	
 1.8278e-03	 1.9428e-03	 1.7208e-03	
 1.8543e-03	 1.9116e-03	 1.7004e-03	
 1.7746e-03	 1.9366e-03	 1.5674e-03	
 1.6059e-03	 1.7640e-03	 1.5555e-03	
 1.6913e-03	 1.8291e-03	 1.6523e-03	
 1.6949e-03	 1.7606e-03	 1.7057e-03	
 1.6273e-03	 1.7027e-03	 1.5763e-03	
 1.7316e-03	 1.8319e-03	 1.6019e-03	
 1.6581e-03	 1.6821e-03	 1.5347e-03	
 1.5972e-03	 1.7205e-03	 1.5088e-03	
 1.6543e-03	 1.7936e-03	 1.8488e-03	
 1.6839e-03	 1.7540e-03	 1.8016e-03	
 1.6084e-03	 1.7238e-03	 1.5774e-03	
 1.6824e-03	 1.7599e-03	 1.5981e-03	
 1.6604e-03	 1.6837e-03	 1.4964e-03	
 1.6125e-03	 1.6739e-03	 1.5712e-03	
 1.6073e-03	 1.6302e-03	 1.6389e-03	
 1.4953e-03	 1.5795e-03	 1.5556e-03	
 1.5149e-03	 1.6367e-03	 1.4253e-03	
 1.6471e-03	 1.6518e-03	 1.6847e-03	
 1.5513e-03	 1.6403e-03	 1.4524e-03	
 1.4694e-03	 1.5480e-03	 1.4998e-03	
 1.5349e-03	 1.6650e-03	 1.3434e-03	
 1.4887e-03	 1.6033e-03	 1.4615e-03	
 1.4684e-03	 1.5048e-03	 1.4844e-03	
 1.4491e-03	 1.4507e-03	 1.3602e-03	
 1.5447e-03	 1.5918e-03	 1.4338e-03	
 1.4412e-03	 1.5220e-03	 1.2086e-03	
 1.5090e-03	 1.5178e-03	 1.4286e-03	
 1.4826e-03	 1.5098e-03	 1.3142e-03	
 1.4747e-03	 1.5338e-03	 1.3908e-03	
 1.4653e-03	 1.5649e-03	 1.4214e-03	
 1.4220e-03	 1.4870e-03	 1.2403e-03	
 1.4151e-03	 1.4448e-03	 1.4308e-03	
 1.4350e-03	 1.5346e-03	 1.4118e-03	
 1.4372e-03	 1.4777e-03	 1.2274e-03	
 1.4426e-03	 1.5215e-03	 1.3065e-03	
 1.4861e-03	 1.4639e-03	 1.3285e-03	
 1.4243e-03	 1.5217e-03	 1.2593e-03	
 1.4549e-03	 1.5236e-03	 1.4720e-03	
 1.3746e-03	 1.4064e-03	 1.3437e-03	
 1.4266e-03	 1.3940e-03	 1.2920e-03	
 1.3884e-03	 1.4420e-03	 1.3530e-03	
 1.3470e-03	 1.4333e-03	 1.2036e-03	
 1.3860e-03	 1.3981e-03	 1.4670e-03	
 1.3664e-03	 1.5484e-03	 1.3506e-03	
 1.4251e-03	 1.3490e-03	 1.3472e-03	
 1.4259e-03	 1.4883e-03	 1.4431e-03	
 1.3618e-03	 1.4182e-03	 1.2936e-03	
 1.3568e-03	 1.4688e-03	 1.3724e-03	
 1.3482e-03	 1.4996e-03	 1.2798e-03	
 1.3956e-03	 1.4852e-03	 1.3796e-03	
 1.2586e-03	 1.3728e-03	 1.2455e-03	
 1.3748e-03	 1.2899e-03	 1.1593e-03	
 1.3547e-03	 1.3935e-03	 1.2829e-03	
 1.3046e-03	 1.3306e-03	 1.2728e-03	
 1.3164e-03	 1.3305e-03	 1.2364e-03	
 1.3006e-03	 1.3253e-03	 1.3263e-03	
 1.3203e-03	 1.4083e-03	 1.1098e-03	
 1.2573e-03	 1.3164e-03	 1.2012e-03	
 1.2932e-03	 1.3806e-03	 1.2148e-03	
 1.2672e-03	 1.3109e-03	 1.1298e-03	
 1.2347e-03	 1.3448e-03	 1.1481e-03	
 1.3225e-03	 1.2954e-03	 1.1818e-03	
 1.2100e-03	 1.2241e-03	 1.1275e-03	
 1.2907e-03	 1.2549e-03	 1.2165e-03	
 1.1901e-03	 1.2510e-03	 1.0918e-03	
 1.2753e-03	 1.3001e-03	 1.2185e-03	
 1.2405e-03	 1.3925e-03	 1.2736e-03	
 1.3722e-03	 1.3860e-03	 1.2645e-03	
 1.2834e-03	 1.2974e-03	 1.1812e-03	
