Train brier	Test brier	
 4.2693e-04	 6.0970e-04	
 2.8519e-04	 5.4672e-04	
 2.3064e-04	 5.0073e-04	
 2.0268e-04	 4.5661e-04	
 1.9210e-04	 4.2844e-04	
 1.8157e-04	 3.9944e-04	
 1.7450e-04	 3.7918e-04	
 1.7118e-04	 3.7079e-04	
 1.6535e-04	 3.6553e-04	
 1.6141e-04	 3.4025e-04	
 1.5911e-04	 3.3867e-04	
 1.5579e-04	 3.2317e-04	
 1.5411e-04	 3.4808e-04	
 1.5512e-04	 3.1270e-04	
 1.5511e-04	 3.3073e-04	
 1.5299e-04	 3.1579e-04	
 1.5299e-04	 2.9290e-04	
 1.5057e-04	 3.2995e-04	
 1.5112e-04	 2.9026e-04	
 1.4709e-04	 2.9896e-04	
 1.4840e-04	 3.0654e-04	
 1.4732e-04	 2.8525e-04	
 1.4901e-04	 2.7364e-04	
 1.4757e-04	 2.6668e-04	
 1.4870e-04	 2.7207e-04	
 1.4773e-04	 2.7072e-04	
 1.4740e-04	 2.7716e-04	
 1.4702e-04	 2.7285e-04	
 1.4785e-04	 2.5093e-04	
 1.4434e-04	 2.4977e-04	
 1.4539e-04	 2.5657e-04	
 1.4547e-04	 2.7574e-04	
 1.4759e-04	 2.7377e-04	
 1.4475e-04	 2.4846e-04	
 1.4664e-04	 2.5723e-04	
 1.4517e-04	 2.5094e-04	
 1.4468e-04	 2.5850e-04	
 1.4630e-04	 2.7054e-04	
 1.4700e-04	 2.3659e-04	
 1.4637e-04	 2.3688e-04	
 1.4487e-04	 2.4729e-04	
 1.4493e-04	 2.4536e-04	
 1.4460e-04	 2.4354e-04	
 1.4578e-04	 2.4651e-04	
 1.4483e-04	 2.2946e-04	
 1.4666e-04	 2.0408e-04	
 1.4575e-04	 2.2934e-04	
 1.4550e-04	 2.2989e-04	
 1.4344e-04	 2.5209e-04	
 1.4385e-04	 2.4997e-04	
 1.4295e-04	 2.3001e-04	
 1.4655e-04	 2.2569e-04	
 1.4348e-04	 2.3291e-04	
 1.4369e-04	 2.3190e-04	
 1.4501e-04	 2.5220e-04	
 1.4462e-04	 2.0975e-04	
 1.4348e-04	 2.1691e-04	
 1.4397e-04	 2.0895e-04	
 1.4328e-04	 2.3316e-04	
 1.4393e-04	 2.3171e-04	
 1.4365e-04	 2.3142e-04	
 1.4535e-04	 2.2375e-04	
 1.4638e-04	 2.2407e-04	
 1.4331e-04	 2.0571e-04	
 1.4320e-04	 2.1795e-04	
 1.4263e-04	 2.1954e-04	
 1.4472e-04	 2.1386e-04	
 1.4454e-04	 2.3005e-04	
 1.4236e-04	 2.4257e-04	
 1.4333e-04	 2.1060e-04	
 1.4306e-04	 2.1338e-04	
 1.4268e-04	 2.3985e-04	
 1.4306e-04	 2.0982e-04	
 1.4134e-04	 2.1401e-04	
 1.4214e-04	 2.2840e-04	
 1.4072e-04	 2.0520e-04	
 1.4341e-04	 2.0387e-04	
 1.4387e-04	 2.2342e-04	
 1.4284e-04	 2.1584e-04	
 1.4195e-04	 2.0782e-04	
 1.4338e-04	 2.2312e-04	
 1.4154e-04	 1.9594e-04	
 1.4418e-04	 2.1773e-04	
 1.4203e-04	 2.1629e-04	
 1.4341e-04	 2.2017e-04	
 1.4083e-04	 2.2365e-04	
 1.4226e-04	 2.1920e-04	
 1.4341e-04	 2.0639e-04	
 1.4245e-04	 2.1410e-04	
 1.4195e-04	 2.0378e-04	
 1.3967e-04	 2.1126e-04	
 1.4190e-04	 2.1157e-04	
 1.4122e-04	 2.1303e-04	
 1.4063e-04	 2.0728e-04	
 1.4168e-04	 2.1513e-04	
 1.4247e-04	 1.9335e-04	
 1.4396e-04	 2.0600e-04	
 1.4106e-04	 2.1015e-04	
 1.4358e-04	 2.0115e-04	
 1.4293e-04	 2.1476e-04	
 1.4016e-04	 2.0566e-04	
 1.4239e-04	 2.1547e-04	
 1.4194e-04	 2.0957e-04	
 1.4131e-04	 1.9277e-04	
 1.4540e-04	 2.0127e-04	
 1.4185e-04	 2.0703e-04	
 1.4150e-04	 1.9565e-04	
 1.4276e-04	 2.1047e-04	
 1.4463e-04	 2.1350e-04	
 1.4235e-04	 2.2280e-04	
 1.4188e-04	 2.0089e-04	
 1.4292e-04	 2.2032e-04	
 1.4032e-04	 2.1015e-04	
 1.4113e-04	 1.9957e-04	
 1.4328e-04	 2.0138e-04	
 1.4412e-04	 1.8832e-04	
 1.4192e-04	 2.0115e-04	
 1.4133e-04	 2.1071e-04	
 1.4123e-04	 2.2429e-04	
 1.4323e-04	 1.9558e-04	
 1.4339e-04	 2.0847e-04	
 1.4299e-04	 1.9565e-04	
 1.4212e-04	 2.1420e-04	
 1.4138e-04	 1.8713e-04	
 1.4091e-04	 1.8966e-04	
 1.4200e-04	 2.1663e-04	
 1.4319e-04	 2.1534e-04	
 1.4092e-04	 1.9873e-04	
 1.4370e-04	 1.9443e-04	
 1.4144e-04	 2.1883e-04	
 1.4212e-04	 2.0035e-04	
 1.4006e-04	 2.0023e-04	
 1.4193e-04	 1.9596e-04	
 1.3989e-04	 1.8645e-04	
 1.4126e-04	 2.0458e-04	
 1.4128e-04	 2.0665e-04	
 1.4089e-04	 1.8393e-04	
 1.4243e-04	 1.9346e-04	
 1.4317e-04	 1.9403e-04	
 1.4104e-04	 2.0036e-04	
 1.4189e-04	 1.9956e-04	
 1.4138e-04	 2.0311e-04	
 1.4262e-04	 1.8738e-04	
 1.3949e-04	 2.0088e-04	
 1.4216e-04	 1.9591e-04	
 1.3979e-04	 1.9905e-04	
 1.4101e-04	 2.0437e-04	
 1.4155e-04	 2.0680e-04	
 1.4183e-04	 2.0570e-04	
 1.4145e-04	 1.9384e-04	
 1.4011e-04	 2.0470e-04	
 1.4066e-04	 1.9136e-04	
 1.4138e-04	 1.9290e-04	
 1.4123e-04	 1.8573e-04	
 1.4239e-04	 1.7419e-04	
 1.4189e-04	 1.9786e-04	
 1.4010e-04	 1.9873e-04	
 1.4294e-04	 1.8609e-04	
 1.3982e-04	 1.9867e-04	
 1.4125e-04	 1.7868e-04	
 1.4031e-04	 1.9481e-04	
 1.4173e-04	 1.9828e-04	
 1.4007e-04	 1.8816e-04	
 1.3982e-04	 2.0209e-04	
 1.4152e-04	 1.8614e-04	
 1.4164e-04	 1.9383e-04	
 1.4052e-04	 1.9289e-04	
 1.3972e-04	 1.8063e-04	
 1.4091e-04	 1.8199e-04	
 1.4082e-04	 1.9138e-04	
 1.4060e-04	 1.9128e-04	
 1.4169e-04	 1.7318e-04	
