Train source diff entropy	Train target diff entropy	Test diff entropy	
-1.4427e+02	-1.0743e+02	-1.0038e+02	
-1.4760e+02	-1.0552e+02	-1.0338e+02	
-1.3430e+02	-1.0654e+02	-1.0732e+02	
-1.3092e+02	-1.1082e+02	-1.0574e+02	
-1.2995e+02	-1.1396e+02	-1.0267e+02	
-1.2530e+02	-1.1647e+02	-1.0351e+02	
-1.2421e+02	-1.1976e+02	-1.0394e+02	
-1.2230e+02	-1.1815e+02	-1.0217e+02	
-1.2174e+02	-1.2022e+02	-1.0238e+02	
-1.2085e+02	-1.1939e+02	-1.0336e+02	
-1.2035e+02	-1.1552e+02	-1.0252e+02	
-1.1976e+02	-1.1567e+02	-1.0286e+02	
-1.1979e+02	-1.1575e+02	-1.0021e+02	
-1.1946e+02	-1.1647e+02	-1.0332e+02	
-1.1932e+02	-1.1430e+02	-1.0086e+02	
-1.1934e+02	-1.1336e+02	-1.0147e+02	
-1.1862e+02	-1.1428e+02	-1.0369e+02	
-1.1855e+02	-1.1295e+02	-9.9077e+01	
-1.1857e+02	-1.1467e+02	-1.0187e+02	
-1.1860e+02	-1.1422e+02	-1.0071e+02	
-1.1832e+02	-1.1265e+02	-9.9604e+01	
-1.1790e+02	-1.1434e+02	-1.0186e+02	
-1.1831e+02	-1.1414e+02	-1.0216e+02	
-1.1822e+02	-1.1451e+02	-1.0270e+02	
-1.1847e+02	-1.1376e+02	-1.0238e+02	
-1.1827e+02	-1.1334e+02	-1.0164e+02	
-1.1815e+02	-1.1514e+02	-1.0101e+02	
-1.1825e+02	-1.1495e+02	-1.0203e+02	
-1.1823e+02	-1.1575e+02	-1.0324e+02	
-1.1767e+02	-1.1484e+02	-1.0375e+02	
-1.1790e+02	-1.1469e+02	-1.0258e+02	
-1.1780e+02	-1.1416e+02	-1.0097e+02	
-1.1807e+02	-1.1447e+02	-1.0096e+02	
-1.1795e+02	-1.1368e+02	-1.0235e+02	
-1.1814e+02	-1.1427e+02	-1.0164e+02	
-1.1766e+02	-1.1610e+02	-1.0266e+02	
-1.1800e+02	-1.1528e+02	-1.0127e+02	
-1.1780e+02	-1.1555e+02	-1.0073e+02	
-1.1777e+02	-1.1549e+02	-1.0363e+02	
-1.1763e+02	-1.1572e+02	-1.0307e+02	
-1.1758e+02	-1.1523e+02	-1.0193e+02	
-1.1796e+02	-1.1653e+02	-1.0238e+02	
-1.1780e+02	-1.1543e+02	-1.0216e+02	
-1.1762e+02	-1.1641e+02	-1.0166e+02	
-1.1764e+02	-1.1540e+02	-1.0311e+02	
-1.1754e+02	-1.1625e+02	-1.0648e+02	
-1.1776e+02	-1.1652e+02	-1.0314e+02	
-1.1739e+02	-1.1511e+02	-1.0295e+02	
-1.1740e+02	-1.1524e+02	-1.0082e+02	
-1.1726e+02	-1.1504e+02	-1.0120e+02	
-1.1732e+02	-1.1615e+02	-1.0285e+02	
-1.1763e+02	-1.1614e+02	-1.0304e+02	
-1.1747e+02	-1.1520e+02	-1.0260e+02	
-1.1749e+02	-1.1545e+02	-1.0200e+02	
-1.1721e+02	-1.1469e+02	-1.0014e+02	
-1.1726e+02	-1.1552e+02	-1.0463e+02	
-1.1742e+02	-1.1599e+02	-1.0307e+02	
-1.1710e+02	-1.1546e+02	-1.0446e+02	
-1.1709e+02	-1.1468e+02	-1.0202e+02	
-1.1750e+02	-1.1532e+02	-1.0203e+02	
-1.1768e+02	-1.1550e+02	-1.0183e+02	
-1.1721e+02	-1.1537e+02	-1.0189e+02	
-1.1749e+02	-1.1576e+02	-1.0270e+02	
-1.1697e+02	-1.1510e+02	-1.0470e+02	
-1.1753e+02	-1.1570e+02	-1.0316e+02	
-1.1736e+02	-1.1667e+02	-1.0239e+02	
-1.1731e+02	-1.1515e+02	-1.0300e+02	
-1.1762e+02	-1.1626e+02	-1.0152e+02	
-1.1725e+02	-1.1629e+02	-1.0073e+02	
-1.1716e+02	-1.1508e+02	-1.0334e+02	
-1.1717e+02	-1.1617e+02	-1.0306e+02	
-1.1745e+02	-1.1664e+02	-1.0075e+02	
-1.1713e+02	-1.1596e+02	-1.0329e+02	
-1.1686e+02	-1.1547e+02	-1.0267e+02	
-1.1706e+02	-1.1610e+02	-1.0155e+02	
-1.1695e+02	-1.1563e+02	-1.0351e+02	
-1.1733e+02	-1.1562e+02	-1.0387e+02	
-1.1725e+02	-1.1648e+02	-1.0212e+02	
-1.1735e+02	-1.1693e+02	-1.0225e+02	
-1.1705e+02	-1.1564e+02	-1.0331e+02	
-1.1736e+02	-1.1626e+02	-1.0173e+02	
-1.1702e+02	-1.1683e+02	-1.0494e+02	
-1.1726e+02	-1.1721e+02	-1.0273e+02	
-1.1717e+02	-1.1741e+02	-1.0244e+02	
-1.1710e+02	-1.1555e+02	-1.0180e+02	
-1.1709e+02	-1.1466e+02	-1.0148e+02	
-1.1699e+02	-1.1531e+02	-1.0199e+02	
-1.1726e+02	-1.1505e+02	-1.0307e+02	
-1.1736e+02	-1.1609e+02	-1.0192e+02	
-1.1691e+02	-1.1620e+02	-1.0324e+02	
-1.1689e+02	-1.1639e+02	-1.0185e+02	
-1.1710e+02	-1.1545e+02	-1.0220e+02	
-1.1694e+02	-1.1492e+02	-1.0220e+02	
-1.1673e+02	-1.1652e+02	-1.0243e+02	
-1.1702e+02	-1.1592e+02	-1.0196e+02	
-1.1708e+02	-1.1553e+02	-1.0386e+02	
-1.1738e+02	-1.1651e+02	-1.0264e+02	
-1.1690e+02	-1.1484e+02	-1.0219e+02	
-1.1714e+02	-1.1545e+02	-1.0283e+02	
-1.1704e+02	-1.1590e+02	-1.0197e+02	
-1.1693e+02	-1.1561e+02	-1.0274e+02	
-1.1696e+02	-1.1636e+02	-1.0186e+02	
-1.1691e+02	-1.1525e+02	-1.0210e+02	
-1.1705e+02	-1.1612e+02	-1.0328e+02	
-1.1689e+02	-1.1551e+02	-1.0315e+02	
-1.1710e+02	-1.1653e+02	-1.0248e+02	
-1.1694e+02	-1.1574e+02	-1.0344e+02	
-1.1707e+02	-1.1552e+02	-1.0197e+02	
-1.1729e+02	-1.1595e+02	-1.0208e+02	
-1.1705e+02	-1.1627e+02	-1.0085e+02	
-1.1683e+02	-1.1569e+02	-1.0269e+02	
-1.1723e+02	-1.1514e+02	-1.0105e+02	
-1.1704e+02	-1.1687e+02	-1.0208e+02	
-1.1677e+02	-1.1487e+02	-1.0286e+02	
-1.1712e+02	-1.1658e+02	-1.0262e+02	
-1.1692e+02	-1.1666e+02	-1.0421e+02	
-1.1711e+02	-1.1607e+02	-1.0256e+02	
-1.1684e+02	-1.1699e+02	-1.0166e+02	
-1.1702e+02	-1.1593e+02	-1.0053e+02	
-1.1727e+02	-1.1688e+02	-1.0314e+02	
-1.1685e+02	-1.1646e+02	-1.0168e+02	
-1.1702e+02	-1.1602e+02	-1.0319e+02	
-1.1710e+02	-1.1638e+02	-1.0117e+02	
-1.1678e+02	-1.1565e+02	-1.0396e+02	
-1.1677e+02	-1.1619e+02	-1.0348e+02	
-1.1682e+02	-1.1666e+02	-1.0102e+02	
-1.1681e+02	-1.1629e+02	-1.0117e+02	
-1.1654e+02	-1.1602e+02	-1.0245e+02	
-1.1652e+02	-1.1588e+02	-1.0310e+02	
-1.1693e+02	-1.1504e+02	-1.0068e+02	
-1.1678e+02	-1.1619e+02	-1.0253e+02	
-1.1711e+02	-1.1638e+02	-1.0272e+02	
-1.1703e+02	-1.1630e+02	-1.0296e+02	
-1.1654e+02	-1.1541e+02	-1.0354e+02	
-1.1671e+02	-1.1539e+02	-1.0205e+02	
-1.1671e+02	-1.1521e+02	-1.0171e+02	
-1.1667e+02	-1.1540e+02	-1.0376e+02	
-1.1679e+02	-1.1568e+02	-1.0298e+02	
-1.1696e+02	-1.1583e+02	-1.0300e+02	
-1.1680e+02	-1.1591e+02	-1.0209e+02	
-1.1674e+02	-1.1603e+02	-1.0254e+02	
-1.1686e+02	-1.1657e+02	-1.0196e+02	
-1.1699e+02	-1.1611e+02	-1.0338e+02	
-1.1694e+02	-1.1625e+02	-1.0230e+02	
-1.1718e+02	-1.1594e+02	-1.0278e+02	
-1.1666e+02	-1.1573e+02	-1.0293e+02	
-1.1679e+02	-1.1519e+02	-1.0174e+02	
-1.1674e+02	-1.1584e+02	-1.0187e+02	
-1.1690e+02	-1.1613e+02	-1.0180e+02	
-1.1685e+02	-1.1599e+02	-1.0278e+02	
-1.1675e+02	-1.1619e+02	-1.0197e+02	
-1.1665e+02	-1.1518e+02	-1.0282e+02	
-1.1712e+02	-1.1680e+02	-1.0292e+02	
-1.1679e+02	-1.1666e+02	-1.0386e+02	
-1.1661e+02	-1.1558e+02	-1.0484e+02	
-1.1682e+02	-1.1627e+02	-1.0244e+02	
-1.1678e+02	-1.1589e+02	-1.0218e+02	
-1.1672e+02	-1.1548e+02	-1.0366e+02	
-1.1665e+02	-1.1698e+02	-1.0245e+02	
-1.1671e+02	-1.1563e+02	-1.0474e+02	
-1.1674e+02	-1.1525e+02	-1.0287e+02	
-1.1667e+02	-1.1594e+02	-1.0232e+02	
-1.1670e+02	-1.1594e+02	-1.0361e+02	
-1.1698e+02	-1.1562e+02	-1.0222e+02	
-1.1682e+02	-1.1541e+02	-1.0370e+02	
-1.1699e+02	-1.1605e+02	-1.0259e+02	
-1.1677e+02	-1.1629e+02	-1.0270e+02	
-1.1664e+02	-1.1651e+02	-1.0415e+02	
-1.1683e+02	-1.1701e+02	-1.0401e+02	
-1.1686e+02	-1.1575e+02	-1.0284e+02	
-1.1689e+02	-1.1567e+02	-1.0302e+02	
-1.1656e+02	-1.1656e+02	-1.0518e+02	
