Train error	Test error	Train error cross	Test error cross	
 2.1344e+00	 2.3527e+00	 1.0760e+00	 1.5535e+00	
 1.9298e+00	 2.2757e+00	 7.2995e-01	 1.3902e+00	
 1.8481e+00	 2.2509e+00	 6.1058e-01	 1.2927e+00	
 1.8072e+00	 2.1592e+00	 5.5035e-01	 1.1729e+00	
 1.7896e+00	 2.0828e+00	 5.2799e-01	 1.0970e+00	
 1.7734e+00	 2.0494e+00	 5.0699e-01	 1.0298e+00	
 1.7619e+00	 2.0202e+00	 4.9248e-01	 9.7905e-01	
 1.7565e+00	 1.9878e+00	 4.8774e-01	 9.5618e-01	
 1.7484e+00	 1.9892e+00	 4.7580e-01	 9.5317e-01	
 1.7425e+00	 1.9561e+00	 4.6858e-01	 8.8511e-01	
 1.7384e+00	 1.9434e+00	 4.6433e-01	 8.8314e-01	
 1.7337e+00	 1.9256e+00	 4.5775e-01	 8.4676e-01	
 1.7323e+00	 1.9348e+00	 4.5454e-01	 9.0627e-01	
 1.7321e+00	 1.9159e+00	 4.5678e-01	 8.2241e-01	
 1.7315e+00	 1.9206e+00	 4.5643e-01	 8.7218e-01	
 1.7291e+00	 1.8976e+00	 4.5241e-01	 8.2745e-01	
 1.7281e+00	 1.8944e+00	 4.5306e-01	 7.8118e-01	
 1.7253e+00	 1.8897e+00	 4.4832e-01	 8.5929e-01	
 1.7256e+00	 1.8615e+00	 4.4893e-01	 7.6597e-01	
 1.7216e+00	 1.8635e+00	 4.4168e-01	 7.8819e-01	
 1.7223e+00	 1.8601e+00	 4.4436e-01	 8.0419e-01	
 1.7204e+00	 1.8514e+00	 4.4240e-01	 7.5009e-01	
 1.7229e+00	 1.8395e+00	 4.4521e-01	 7.2627e-01	
 1.7210e+00	 1.8371e+00	 4.4266e-01	 7.1280e-01	
 1.7228e+00	 1.8387e+00	 4.4477e-01	 7.2075e-01	
 1.7206e+00	 1.8302e+00	 4.4300e-01	 7.2132e-01	
 1.7209e+00	 1.8291e+00	 4.4268e-01	 7.3182e-01	
 1.7207e+00	 1.8333e+00	 4.4153e-01	 7.1990e-01	
 1.7214e+00	 1.8194e+00	 4.4297e-01	 6.7580e-01	
 1.7160e+00	 1.8260e+00	 4.3720e-01	 6.7570e-01	
 1.7182e+00	 1.8166e+00	 4.3869e-01	 6.8412e-01	
 1.7176e+00	 1.8263e+00	 4.3875e-01	 7.2784e-01	
 1.7205e+00	 1.8228e+00	 4.4270e-01	 7.2385e-01	
 1.7178e+00	 1.8003e+00	 4.3779e-01	 6.6293e-01	
 1.7200e+00	 1.8089e+00	 4.4118e-01	 6.8861e-01	
 1.7171e+00	 1.8108e+00	 4.3864e-01	 6.7275e-01	
 1.7171e+00	 1.8052e+00	 4.3706e-01	 6.8984e-01	
 1.7192e+00	 1.8148e+00	 4.4068e-01	 7.1527e-01	
 1.7189e+00	 1.8013e+00	 4.4163e-01	 6.4048e-01	
 1.7182e+00	 1.7952e+00	 4.4109e-01	 6.4139e-01	
 1.7161e+00	 1.7976e+00	 4.3803e-01	 6.6562e-01	
 1.7176e+00	 1.7989e+00	 4.3747e-01	 6.6001e-01	
 1.7166e+00	 1.7913e+00	 4.3751e-01	 6.5293e-01	
 1.7177e+00	 1.7916e+00	 4.3931e-01	 6.6194e-01	
 1.7160e+00	 1.7804e+00	 4.3809e-01	 6.1857e-01	
 1.7179e+00	 1.7844e+00	 4.4122e-01	 5.6400e-01	
 1.7179e+00	 1.7815e+00	 4.3940e-01	 6.2039e-01	
 1.7165e+00	 1.7824e+00	 4.3897e-01	 6.2427e-01	
 1.7146e+00	 1.7869e+00	 4.3515e-01	 6.7107e-01	
 1.7146e+00	 1.7888e+00	 4.3606e-01	 6.6711e-01	
 1.7140e+00	 1.7813e+00	 4.3458e-01	 6.2458e-01	
 1.7181e+00	 1.7751e+00	 4.4095e-01	 6.1135e-01	
 1.7148e+00	 1.7833e+00	 4.3535e-01	 6.3177e-01	
 1.7146e+00	 1.7728e+00	 4.3528e-01	 6.2761e-01	
 1.7158e+00	 1.7790e+00	 4.3815e-01	 6.7227e-01	
 1.7151e+00	 1.7725e+00	 4.3757e-01	 5.7813e-01	
 1.7143e+00	 1.7636e+00	 4.3548e-01	 5.9341e-01	
 1.7145e+00	 1.7693e+00	 4.3633e-01	 5.7639e-01	
 1.7134e+00	 1.7741e+00	 4.3499e-01	 6.2838e-01	
 1.7150e+00	 1.7725e+00	 4.3610e-01	 6.2552e-01	
 1.7151e+00	 1.7703e+00	 4.3512e-01	 6.2648e-01	
 1.7160e+00	 1.7575e+00	 4.3904e-01	 6.0632e-01	
 1.7175e+00	 1.7704e+00	 4.4116e-01	 6.1080e-01	
 1.7135e+00	 1.7654e+00	 4.3540e-01	 5.6564e-01	
 1.7144e+00	 1.7665e+00	 4.3486e-01	 5.9612e-01	
 1.7136e+00	 1.7592e+00	 4.3338e-01	 5.9889e-01	
 1.7154e+00	 1.7585e+00	 4.3792e-01	 5.8701e-01	
 1.7161e+00	 1.7626e+00	 4.3683e-01	 6.2149e-01	
 1.7128e+00	 1.7725e+00	 4.3348e-01	 6.5084e-01	
 1.7137e+00	 1.7602e+00	 4.3556e-01	 5.8248e-01	
 1.7136e+00	 1.7608e+00	 4.3453e-01	 5.8842e-01	
 1.7140e+00	 1.7667e+00	 4.3381e-01	 6.4225e-01	
 1.7133e+00	 1.7559e+00	 4.3467e-01	 5.7708e-01	
 1.7112e+00	 1.7540e+00	 4.3158e-01	 5.8592e-01	
 1.7127e+00	 1.7605e+00	 4.3304e-01	 6.1733e-01	
 1.7103e+00	 1.7506e+00	 4.3031e-01	 5.6526e-01	
 1.7138e+00	 1.7543e+00	 4.3512e-01	 5.6408e-01	
 1.7147e+00	 1.7619e+00	 4.3590e-01	 6.0854e-01	
 1.7133e+00	 1.7533e+00	 4.3397e-01	 5.9218e-01	
 1.7121e+00	 1.7557e+00	 4.3280e-01	 5.7594e-01	
 1.7146e+00	 1.7556e+00	 4.3480e-01	 6.0619e-01	
 1.7112e+00	 1.7588e+00	 4.3194e-01	 5.5062e-01	
 1.7149e+00	 1.7633e+00	 4.3673e-01	 5.9838e-01	
 1.7123e+00	 1.7560e+00	 4.3310e-01	 5.9315e-01	
 1.7139e+00	 1.7529e+00	 4.3522e-01	 6.0044e-01	
 1.7113e+00	 1.7543e+00	 4.3030e-01	 6.0883e-01	
 1.7125e+00	 1.7541e+00	 4.3300e-01	 5.9860e-01	
 1.7142e+00	 1.7494e+00	 4.3483e-01	 5.7151e-01	
 1.7134e+00	 1.7443e+00	 4.3305e-01	 5.8556e-01	
 1.7115e+00	 1.7469e+00	 4.3240e-01	 5.6425e-01	
 1.7094e+00	 1.7388e+00	 4.2842e-01	 5.7848e-01	
 1.7122e+00	 1.7444e+00	 4.3234e-01	 5.7994e-01	
 1.7109e+00	 1.7459e+00	 4.3141e-01	 5.8283e-01	
 1.7098e+00	 1.7416e+00	 4.3049e-01	 5.7193e-01	
 1.7116e+00	 1.7478e+00	 4.3182e-01	 5.8965e-01	
 1.7120e+00	 1.7402e+00	 4.3330e-01	 5.4201e-01	
 1.7148e+00	 1.7420e+00	 4.3592e-01	 5.6828e-01	
 1.7107e+00	 1.7436e+00	 4.3123e-01	 5.7893e-01	
 1.7143e+00	 1.7381e+00	 4.3599e-01	 5.5869e-01	
 1.7128e+00	 1.7477e+00	 4.3435e-01	 5.8952e-01	
 1.7096e+00	 1.7430e+00	 4.2936e-01	 5.6787e-01	
 1.7126e+00	 1.7469e+00	 4.3347e-01	 5.9039e-01	
 1.7115e+00	 1.7408e+00	 4.3260e-01	 5.7662e-01	
 1.7111e+00	 1.7318e+00	 4.3137e-01	 5.4018e-01	
 1.7149e+00	 1.7428e+00	 4.3918e-01	 5.5953e-01	
 1.7119e+00	 1.7439e+00	 4.3225e-01	 5.7382e-01	
 1.7111e+00	 1.7378e+00	 4.3186e-01	 5.4691e-01	
 1.7133e+00	 1.7404e+00	 4.3418e-01	 5.7853e-01	
 1.7152e+00	 1.7481e+00	 4.3770e-01	 5.8789e-01	
 1.7125e+00	 1.7444e+00	 4.3313e-01	 6.0620e-01	
 1.7110e+00	 1.7363e+00	 4.3282e-01	 5.5890e-01	
 1.7137e+00	 1.7438e+00	 4.3409e-01	 6.0139e-01	
 1.7100e+00	 1.7427e+00	 4.2986e-01	 5.7982e-01	
 1.7104e+00	 1.7368e+00	 4.3128e-01	 5.5591e-01	
 1.7135e+00	 1.7351e+00	 4.3486e-01	 5.5837e-01	
 1.7136e+00	 1.7372e+00	 4.3672e-01	 5.3106e-01	
 1.7119e+00	 1.7340e+00	 4.3262e-01	 5.5774e-01	
 1.7107e+00	 1.7367e+00	 4.3178e-01	 5.7846e-01	
 1.7113e+00	 1.7409e+00	 4.3143e-01	 6.0744e-01	
 1.7135e+00	 1.7348e+00	 4.3466e-01	 5.4747e-01	
 1.7133e+00	 1.7331e+00	 4.3562e-01	 5.7325e-01	
 1.7125e+00	 1.7326e+00	 4.3427e-01	 5.4392e-01	
 1.7122e+00	 1.7339e+00	 4.3280e-01	 5.8446e-01	
 1.7102e+00	 1.7308e+00	 4.3167e-01	 5.2630e-01	
 1.7103e+00	 1.7284e+00	 4.3083e-01	 5.3177e-01	
 1.7113e+00	 1.7366e+00	 4.3306e-01	 5.9138e-01	
 1.7126e+00	 1.7358e+00	 4.3511e-01	 5.8714e-01	
 1.7097e+00	 1.7294e+00	 4.3084e-01	 5.5257e-01	
 1.7124e+00	 1.7309e+00	 4.3692e-01	 5.4271e-01	
 1.7113e+00	 1.7341e+00	 4.3137e-01	 5.9455e-01	
 1.7117e+00	 1.7327e+00	 4.3345e-01	 5.5656e-01	
 1.7101e+00	 1.7353e+00	 4.2908e-01	 5.5675e-01	
 1.7117e+00	 1.7298e+00	 4.3240e-01	 5.4376e-01	
 1.7082e+00	 1.7259e+00	 4.2920e-01	 5.2650e-01	
 1.7102e+00	 1.7322e+00	 4.3152e-01	 5.6491e-01	
 1.7104e+00	 1.7309e+00	 4.3130e-01	 5.6925e-01	
 1.7098e+00	 1.7235e+00	 4.3056e-01	 5.1888e-01	
 1.7117e+00	 1.7300e+00	 4.3331e-01	 5.4322e-01	
 1.7128e+00	 1.7303e+00	 4.3517e-01	 5.4327e-01	
 1.7102e+00	 1.7270e+00	 4.3117e-01	 5.5599e-01	
 1.7114e+00	 1.7315e+00	 4.3266e-01	 5.5396e-01	
 1.7110e+00	 1.7298e+00	 4.3164e-01	 5.6270e-01	
 1.7123e+00	 1.7254e+00	 4.3377e-01	 5.2869e-01	
 1.7092e+00	 1.7317e+00	 4.2801e-01	 5.5883e-01	
 1.7124e+00	 1.7314e+00	 4.3261e-01	 5.4903e-01	
 1.7087e+00	 1.7359e+00	 4.2889e-01	 5.5316e-01	
 1.7108e+00	 1.7294e+00	 4.3080e-01	 5.6607e-01	
 1.7109e+00	 1.7348e+00	 4.3185e-01	 5.7192e-01	
 1.7115e+00	 1.7320e+00	 4.3237e-01	 5.6918e-01	
 1.7108e+00	 1.7277e+00	 4.3171e-01	 5.4370e-01	
 1.7091e+00	 1.7332e+00	 4.2927e-01	 5.6733e-01	
 1.7095e+00	 1.7245e+00	 4.3028e-01	 5.3777e-01	
 1.7110e+00	 1.7283e+00	 4.3142e-01	 5.4157e-01	
 1.7104e+00	 1.7300e+00	 4.3149e-01	 5.2621e-01	
 1.7111e+00	 1.7253e+00	 4.3329e-01	 5.0119e-01	
 1.7115e+00	 1.7296e+00	 4.3267e-01	 5.5252e-01	
 1.7095e+00	 1.7272e+00	 4.2895e-01	 5.5404e-01	
 1.7122e+00	 1.7267e+00	 4.3479e-01	 5.2524e-01	
 1.7089e+00	 1.7303e+00	 4.2882e-01	 5.5369e-01	
 1.7102e+00	 1.7298e+00	 4.3154e-01	 5.0970e-01	
 1.7095e+00	 1.7301e+00	 4.2950e-01	 5.4554e-01	
 1.7107e+00	 1.7289e+00	 4.3238e-01	 5.5357e-01	
 1.7092e+00	 1.7314e+00	 4.2942e-01	 5.3303e-01	
 1.7097e+00	 1.7334e+00	 4.2866e-01	 5.6260e-01	
 1.7108e+00	 1.7285e+00	 4.3164e-01	 5.2699e-01	
 1.7116e+00	 1.7251e+00	 4.3162e-01	 5.4314e-01	
 1.7096e+00	 1.7232e+00	 4.2999e-01	 5.3863e-01	
 1.7086e+00	 1.7240e+00	 4.2871e-01	 5.1224e-01	
 1.7100e+00	 1.7264e+00	 4.3077e-01	 5.1787e-01	
 1.7099e+00	 1.7251e+00	 4.3040e-01	 5.3852e-01	
 1.7102e+00	 1.7272e+00	 4.3004e-01	 5.3817e-01	
 1.7103e+00	 1.7282e+00	 4.3258e-01	 4.9910e-01	
